Using pre-set license
Built from '2020.3/staging' branch; Version is '2020.3.9f1 (108be757e447) revision 1084391'; Using compiler version '192528614'; Build Type 'Release'
OS: 'Windows 10 Home; OS build 19043.1110; Version 2009; 64bit' Language: 'en' Physical Memory: 16322 MB
BatchMode: 1, IsHumanControllingUs: 0, StartBugReporterOnCrash: 0, Is64bit: 1, IsPro: 0

 COMMAND LINE ARGUMENTS:
D:\2020.3.9f1\Editor\Unity.exe
-adb2
-batchMode
-noUpm
-name
AssetImportWorker0
-projectPath
D:/Git/WhatIsThis/WhatIsThisProject
-logFile
Logs/AssetImportWorker0.log
-srvPort
57146
Successfully changed project path to: D:/Git/WhatIsThis/WhatIsThisProject
D:/Git/WhatIsThis/WhatIsThisProject
Using Asset Import Pipeline V2.
Refreshing native plugins compatible for Editor in 27.93 ms, found 1 plugins.
Preloading 0 native plugins for Editor in 0.00 ms.
Initialize engine version: 2020.3.9f1 (108be757e447)
[Subsystems] Discovering subsystems at path D:/2020.3.9f1/Editor/Data/Resources/UnitySubsystems
[Subsystems] Discovering subsystems at path D:/Git/WhatIsThis/WhatIsThisProject/Assets
GfxDevice: creating device client; threaded=0
Direct3D:
    Version:  Direct3D 11.0 [level 11.1]
    Renderer: Radeon RX 580 Series (ID=0x67df)
    Vendor:   
    VRAM:     8171 MB
    Driver:   27.20.22017.1004
Initialize mono
Mono path[0] = 'D:/2020.3.9f1/Editor/Data/Managed'
Mono path[1] = 'D:/2020.3.9f1/Editor/Data/MonoBleedingEdge/lib/mono/unityjit'
Mono config path = 'D:/2020.3.9f1/Editor/Data/MonoBleedingEdge/etc'
Using monoOptions --debugger-agent=transport=dt_socket,embedding=1,server=y,suspend=n,address=127.0.0.1:56796
Begin MonoManager ReloadAssembly
Registering precompiled unity dll's ...
Register platform support module: D:/2020.3.9f1/Editor/Data/PlaybackEngines/WindowsStandaloneSupport/UnityEditor.WindowsStandalone.Extensions.dll
Registered in 0.000976 seconds.
Native extension for WindowsStandalone target not found
Refreshing native plugins compatible for Editor in 29.00 ms, found 1 plugins.
Preloading 0 native plugins for Editor in 0.00 ms.
Mono: successfully reloaded assembly
- Completed reload, in  1.041 seconds
Platform modules already initialized, skipping
Registering precompiled user dll's ...
Registered in 0.000749 seconds.
Begin MonoManager ReloadAssembly
Native extension for WindowsStandalone target not found
Refreshing native plugins compatible for Editor in 27.09 ms, found 1 plugins.
Preloading 0 native plugins for Editor in 0.00 ms.
Mono: successfully reloaded assembly
- Completed reload, in  0.830 seconds
Platform modules already initialized, skipping
========================================================================
Worker process is ready to serve import requests
Launched and connected shader compiler UnityShaderCompiler.exe after 0.05 seconds
Refreshing native plugins compatible for Editor in 0.29 ms, found 1 plugins.
Preloading 0 native plugins for Editor in 0.00 ms.
Unloading 1809 Unused Serialized files (Serialized files now loaded: 0)
System memory in use before: 84.8 MB.
System memory in use after: 84.9 MB.

Unloading 19 unused Assets to reduce memory usage. Loaded Objects now: 2256.
Total: 1.841200 ms (FindLiveObjects: 0.147500 ms CreateObjectMapping: 0.052100 ms MarkObjects: 1.584300 ms  DeleteObjects: 0.056500 ms)

========================================================================
Received Import Request.
  path: Assets/Scripts
  artifactKey: Guid(48dd30f73cfdbf646a6df1feb77b8c7e) Importer(815301076,1909f56bfc062723c751e8b465ee728b)
Start importing Assets/Scripts using Guid(48dd30f73cfdbf646a6df1feb77b8c7e) Importer(815301076,1909f56bfc062723c751e8b465ee728b)  -> (artifact id: 'fa382de8e50be9ec2f354210bbc32c42') in 0.024674 seconds
  Import took 0.026869 seconds .

========================================================================
Received Import Request.
  Time since last request: 2.187732 seconds.
  path: Assets/Scripts/ImportScript.cs
  artifactKey: Guid(ba0e457c6992bf342b4b340f5d654bc7) Importer(815301076,1909f56bfc062723c751e8b465ee728b)
Start importing Assets/Scripts/ImportScript.cs using Guid(ba0e457c6992bf342b4b340f5d654bc7) Importer(815301076,1909f56bfc062723c751e8b465ee728b)  -> (artifact id: '4cde2703e812724611d558c98864d7a8') in 0.062748 seconds
  Import took 0.064911 seconds .

========================================================================
Received Prepare
Registering precompiled user dll's ...
Registered in 0.000723 seconds.
Begin MonoManager ReloadAssembly
Native extension for WindowsStandalone target not found
Refreshing native plugins compatible for Editor in 0.33 ms, found 1 plugins.
Preloading 0 native plugins for Editor in 0.00 ms.
Mono: successfully reloaded assembly
- Completed reload, in  0.738 seconds
Platform modules already initialized, skipping
Refreshing native plugins compatible for Editor in 0.29 ms, found 1 plugins.
Preloading 0 native plugins for Editor in 0.00 ms.
Unloading 1801 Unused Serialized files (Serialized files now loaded: 0)
System memory in use before: 84.4 MB.
System memory in use after: 84.5 MB.

Unloading 8 unused Assets to reduce memory usage. Loaded Objects now: 2260.
Total: 1.501700 ms (FindLiveObjects: 0.140000 ms CreateObjectMapping: 0.048300 ms MarkObjects: 1.299500 ms  DeleteObjects: 0.013100 ms)

========================================================================
Received Import Request.
  Time since last request: 603.965413 seconds.
  path: Assets/Scripts/ImportScript.cs
  artifactKey: Guid(ba0e457c6992bf342b4b340f5d654bc7) Importer(815301076,1909f56bfc062723c751e8b465ee728b)
Start importing Assets/Scripts/ImportScript.cs using Guid(ba0e457c6992bf342b4b340f5d654bc7) Importer(815301076,1909f56bfc062723c751e8b465ee728b)  -> (artifact id: '559fba59f6b2a21a044e7122eb5e5607') in 0.008316 seconds
  Import took 0.011020 seconds .

========================================================================
Received Import Request.
  Time since last request: 130.540140 seconds.
  path: Assets/Scripts/ImportScript.cs
  artifactKey: Guid(ba0e457c6992bf342b4b340f5d654bc7) Importer(815301076,1909f56bfc062723c751e8b465ee728b)
Start importing Assets/Scripts/ImportScript.cs using Guid(ba0e457c6992bf342b4b340f5d654bc7) Importer(815301076,1909f56bfc062723c751e8b465ee728b)  -> (artifact id: '7df14a6ce14f733fbcd8e1a2945c8896') in 0.001875 seconds
  Import took 0.004502 seconds .

========================================================================
Received Import Request.
  Time since last request: 13.253373 seconds.
  path: Assets/Scripts/ShopInventory.cs
  artifactKey: Guid(9d18e64a205fd2c43bbaef0adf73a54f) Importer(815301076,1909f56bfc062723c751e8b465ee728b)
Start importing Assets/Scripts/ShopInventory.cs using Guid(9d18e64a205fd2c43bbaef0adf73a54f) Importer(815301076,1909f56bfc062723c751e8b465ee728b)  -> (artifact id: '4432b6512805bdb823794019d8af27b9') in 0.006244 seconds
  Import took 0.008937 seconds .

========================================================================
Received Import Request.
  Time since last request: 705.051586 seconds.
  path: Assets/Scripts/ShopInventory.cs
  artifactKey: Guid(9d18e64a205fd2c43bbaef0adf73a54f) Importer(815301076,1909f56bfc062723c751e8b465ee728b)
Start importing Assets/Scripts/ShopInventory.cs using Guid(9d18e64a205fd2c43bbaef0adf73a54f) Importer(815301076,1909f56bfc062723c751e8b465ee728b)  -> (artifact id: 'af5c4e96c1d9017943dc6a5b7195abbf') in 0.002633 seconds
  Import took 0.005497 seconds .

========================================================================
Received Import Request.
  Time since last request: 2.407172 seconds.
  path: Assets/Scripts/PlayerStats.cs
  artifactKey: Guid(b9ea7e47585777344b3ff28d3ad3c7e4) Importer(815301076,1909f56bfc062723c751e8b465ee728b)
Start importing Assets/Scripts/PlayerStats.cs using Guid(b9ea7e47585777344b3ff28d3ad3c7e4) Importer(815301076,1909f56bfc062723c751e8b465ee728b)  -> (artifact id: 'b318b61612b91e0112845f833a58abe6') in 0.007704 seconds
  Import took 0.009961 seconds .

========================================================================
Received Import Request.
  Time since last request: 0.002086 seconds.
  path: Assets/Scripts/PlayerStats.cs
  artifactKey: Guid(b9ea7e47585777344b3ff28d3ad3c7e4) Importer(815301076,1909f56bfc062723c751e8b465ee728b)
Start importing Assets/Scripts/PlayerStats.cs using Guid(b9ea7e47585777344b3ff28d3ad3c7e4) Importer(815301076,1909f56bfc062723c751e8b465ee728b)  -> (artifact id: 'b318b61612b91e0112845f833a58abe6') in 0.001653 seconds
  Import took 0.004065 seconds .

========================================================================
Received Import Request.
  Time since last request: 7.494573 seconds.
  path: Assets/Scripts/ImportScript.cs
  artifactKey: Guid(ba0e457c6992bf342b4b340f5d654bc7) Importer(815301076,1909f56bfc062723c751e8b465ee728b)
Start importing Assets/Scripts/ImportScript.cs using Guid(ba0e457c6992bf342b4b340f5d654bc7) Importer(815301076,1909f56bfc062723c751e8b465ee728b)  -> (artifact id: 'a4b4ff82d48ec71988cf276845da641e') in 0.001488 seconds
  Import took 0.003739 seconds .

========================================================================
Received Import Request.
  Time since last request: 0.003655 seconds.
  path: Assets/Scripts/ImportScript.cs
  artifactKey: Guid(ba0e457c6992bf342b4b340f5d654bc7) Importer(815301076,1909f56bfc062723c751e8b465ee728b)
Start importing Assets/Scripts/ImportScript.cs using Guid(ba0e457c6992bf342b4b340f5d654bc7) Importer(815301076,1909f56bfc062723c751e8b465ee728b)  -> (artifact id: 'a4b4ff82d48ec71988cf276845da641e') in 0.001764 seconds
  Import took 0.003991 seconds .

========================================================================
Received Import Request.
  Time since last request: 812.881406 seconds.
  path: Assets/Scripts/ImportScript.cs
  artifactKey: Guid(ba0e457c6992bf342b4b340f5d654bc7) Importer(815301076,1909f56bfc062723c751e8b465ee728b)
Start importing Assets/Scripts/ImportScript.cs using Guid(ba0e457c6992bf342b4b340f5d654bc7) Importer(815301076,1909f56bfc062723c751e8b465ee728b)  -> (artifact id: '6e449a26ee72ab60efdd98fd58e30d25') in 0.001546 seconds
  Import took 0.004463 seconds .

========================================================================
Received Import Request.
  Time since last request: 6.478591 seconds.
  path: Assets/Scripts/BattleStuff.cs
  artifactKey: Guid(303f162960398fe4db657f9c5362f6a7) Importer(815301076,1909f56bfc062723c751e8b465ee728b)
Start importing Assets/Scripts/BattleStuff.cs using Guid(303f162960398fe4db657f9c5362f6a7) Importer(815301076,1909f56bfc062723c751e8b465ee728b)  -> (artifact id: 'ee9907188c34d6f9557e1fcc268d862b') in 0.004900 seconds
  Import took 0.007419 seconds .

========================================================================
Received Prepare
Registering precompiled user dll's ...
Registered in 0.000804 seconds.
Begin MonoManager ReloadAssembly
Native extension for WindowsStandalone target not found
Refreshing native plugins compatible for Editor in 0.31 ms, found 1 plugins.
Preloading 0 native plugins for Editor in 0.00 ms.
Mono: successfully reloaded assembly
- Completed reload, in  0.722 seconds
Platform modules already initialized, skipping
Refreshing native plugins compatible for Editor in 0.26 ms, found 1 plugins.
Preloading 0 native plugins for Editor in 0.00 ms.
Unloading 1803 Unused Serialized files (Serialized files now loaded: 0)
System memory in use before: 84.5 MB.
System memory in use after: 84.6 MB.

Unloading 8 unused Assets to reduce memory usage. Loaded Objects now: 2265.
Total: 1.512300 ms (FindLiveObjects: 0.127800 ms CreateObjectMapping: 0.044100 ms MarkObjects: 1.328900 ms  DeleteObjects: 0.011000 ms)

========================================================================
Received Import Request.
  Time since last request: 716.018541 seconds.
  path: Assets/Scripts/BattleStuff.cs
  artifactKey: Guid(303f162960398fe4db657f9c5362f6a7) Importer(815301076,1909f56bfc062723c751e8b465ee728b)
Start importing Assets/Scripts/BattleStuff.cs using Guid(303f162960398fe4db657f9c5362f6a7) Importer(815301076,1909f56bfc062723c751e8b465ee728b)  -> (artifact id: 'aef3fb61ca32dde22fd790ca4e120c6f') in 0.005248 seconds
  Import took 0.007346 seconds .

AssetImportWorkerClient::OnTransportError - code=2 error=End of file
